
DIR +--- ASCII ----+   +--------------------- HEX ---------------------+
Fri Dec 20 18:38:19 2019
Connection to CMSIS-DAP VendorId:ATMEL, ProductId:Atmel-ICE CMSIS-DAP, SerialNo/USB:J41800084072
00:00.000 000018B0 00 W (   0/   7) : 0E 00 00 00 01 10 00 
00:00.000 000018B0 00 R (   0/   6) : 0E 00 00 01 80 00 

00:00.001 000018B0 00 W (   0/   8) : 0E 00 01 00 00 00 00 80 
00:00.001 000018B0 00 R (   0/  15) : 0E 01 00 00 81 00 41 74 6D 65 6C 2D 49 43 45 

00:00.002 000018B0 00 W (   0/   8) : 0E 00 02 00 00 00 00 81 
00:00.002 000018B0 00 R (   0/  18) : 0E 02 00 00 81 00 4A 34 31 38 30 30 30 38 34 30 
                        (  16/  18) : 37 32 

00:00.003 000018B0 00 W (   0/  10) : 0E 00 03 00 01 02 00 00 00 01 
00:00.004 000018B0 00 R (   0/   8) : 0E 03 00 01 84 01 00 00 

00:00.004 000018B0 00 W (   0/  10) : 0E 00 04 00 01 02 00 00 01 01 
00:00.005 000018B0 00 R (   0/   8) : 0E 04 00 01 84 01 01 00 

00:00.005 000018B0 00 W (   0/  10) : 0E 00 05 00 01 02 00 00 02 01 
00:00.006 000018B0 00 R (   0/   8) : 0E 05 00 01 84 01 29 00 

00:00.007 000018B0 00 W (   0/  10) : 0E 00 06 00 01 02 00 00 03 02 
00:00.007 000018B0 00 R (   0/   9) : 0E 06 00 01 84 01 89 00 00 

00:00.008 000018B0 00 W (   0/  10) : 0E 00 07 00 01 02 00 01 00 02 
00:00.008 000018B0 00 R (   0/   9) : 0E 07 00 01 84 01 84 13 00 

00:00.009 000018B0 00 W (   0/  10) : 0E 00 08 00 01 02 00 03 01 01 
00:00.009 000018B0 00 R (   0/   8) : 0E 08 00 01 84 01 0A 00 

00:00.010 000018B0 00 W (   0/  10) : 0E 00 09 00 01 02 00 03 00 01 
00:00.010 000018B0 00 R (   0/   8) : 0E 09 00 01 84 01 0A 00 

00:00.011 000018B0 00 W (   0/   8) : 0E 00 0A 00 00 00 00 00 
00:00.011 000018B0 00 R (   0/  12) : 0E 0A 00 00 81 00 00 01 11 12 13 14 

00:00.012 000018B0 00 W (   0/  12) : 0E 00 0B 00 12 01 00 01 31 02 64 00 
00:00.012 000018B0 00 R (   0/   6) : 0E 0B 00 12 80 00 

00:00.013 000018B0 00 W (   0/  11) : 0E 00 0C 00 12 01 00 00 00 01 05 
00:00.013 000018B0 00 R (   0/   6) : 0E 0C 00 12 80 00 

00:00.014 000018B0 00 W (   0/  11) : 0E 00 0D 00 12 01 00 00 01 01 02 
00:00.014 000018B0 00 R (   0/   6) : 0E 0D 00 12 80 00 

00:00.015 000018B0 00 W (   0/  11) : 0E 00 0E 00 12 01 00 01 00 01 08 
00:00.015 000018B0 00 R (   0/   6) : 0E 0E 00 12 80 00 

00:00.016 000018B0 00 W (   0/  18) : 0E 00 0F 00 12 01 00 02 00 08 00 80 40 20 00 10 
                        (  16/  18) : 80 0F 
00:00.016 000018B0 00 R (   0/   6) : 0E 0F 00 12 80 00 

00:00.017 000018B0 00 W (   0/   8) : 0E 00 10 00 12 10 00 00 
00:00.029 000018B0 00 R (   0/  11) : 0E 10 00 12 84 00 6D 65 67 61 00 

00:00.030 000018B0 00 W (   0/   8) : 0E 00 11 00 12 13 00 01 
00:00.036 000018B0 00 R (   0/   6) : 0E 11 00 12 80 00 

00:00.037 000010B8 01 R (   0/  14) : 0E 00 CF 00 12 40 1F 0F 00 00 01 44 00 30 

00:00.162 000018B0 00 W (   0/   7) : 0E 00 12 00 12 15 00 
00:00.169 000018B0 00 R (   0/   6) : 0E 12 00 12 80 00 

00:00.587 000018B0 00 W (   0/  16) : 0E 00 13 00 12 21 00 B4 00 11 00 00 03 00 00 00 
00:00.591 000018B0 00 R (   0/  10) : 0E 13 00 12 84 00 1E 93 2A 00 

00:00.592 000018B0 00 W (   0/   7) : 0E 00 14 00 12 16 00 
00:00.594 000018B0 00 R (   0/   6) : 0E 14 00 12 80 00 

00:00.615 000010B8 01 R (   0/  14) : 0E 00 D0 00 12 40 00 00 00 00 01 84 00 30 

00:00.633 000018B0 00 W (   0/   8) : 0E 00 15 00 12 10 00 00 
00:00.634 000018B0 00 R (   0/   7) : 0E 15 00 12 A0 00 31 

00:00.635 000018B0 00 W (   0/   8) : 0E 00 16 00 12 10 00 01 
00:00.636 000018B0 00 R (   0/   7) : 0E 16 00 12 A0 00 31 

00:00.637 000018B0 00 W (   0/  10) : 0E 00 17 00 12 02 00 01 31 02 
00:00.638 000018B0 00 R (   0/   9) : 0E 17 00 12 84 00 64 00 00 

00:00.649 000018B0 00 W (   0/   8) : 0E 00 18 00 12 31 00 01 
00:00.649 000018B0 00 R (   0/   6) : 0E 18 00 12 80 00 

00:00.667 000010B8 01 R (   0/  14) : 0E 00 D1 00 12 40 00 00 00 00 01 84 00 30 

00:00.686 000018B0 00 W (   0/   7) : 0E 00 19 00 12 15 00 
00:00.693 000018B0 00 R (   0/   6) : 0E 19 00 12 80 00 

00:01.107 000018B0 00 W (   0/  12) : 0E 00 1A 00 12 20 00 00 00 00 00 00 
00:01.116 000018B0 00 R (   0/   6) : 0E 1A 00 12 80 00 

00:01.117 000018B0 00 W (   0/   7) : 0E 00 1B 00 12 16 00 
00:01.120 000018B0 00 R (   0/   6) : 0E 1B 00 12 80 00 

00:01.174 000010B8 01 R (   0/  14) : 0E 00 D2 00 12 40 00 00 00 00 01 84 00 30 

00:01.321 000018B0 00 W (   0/   7) : 0E 00 1C 00 12 15 00 
00:01.328 000018B0 00 R (   0/   6) : 0E 1C 00 12 80 00 

00:01.734 000018B0 00 W (   0/  81) : 0E 00 1D 00 12 23 00 C0 00 00 00 00 40 00 00 00 
                        (  16/  81) : 00 52 C0 18 95 18 95 18 95 18 95 18 95 18 95 18 
                        (  32/  81) : 95 18 95 1E C0 18 95 18 95 18 95 18 95 18 95 18 
                        (  48/  81) : 95 18 95 18 95 18 95 18 95 18 95 18 95 18 95 18 
                        (  64/  81) : 95 18 95 18 95 18 95 18 95 18 95 18 95 18 95 18 
                        (  80/  81) : 95 
00:01.758 000018B0 00 R (   0/   6) : 0E 1D 00 12 80 00 

00:01.761 000018B0 00 W (   0/  81) : 0E 00 1E 00 12 23 00 C0 40 00 00 00 40 00 00 00 
                        (  16/  81) : 00 18 95 18 95 18 95 18 95 18 95 18 95 18 95 18 
                        (  32/  81) : 95 FA 93 EA 93 1A 93 0A 93 1F B7 EB E0 FA E0 00 
                        (  48/  81) : 81 00 61 00 83 E4 E0 F4 E0 00 81 00 FF 06 C0 E4 
                        (  64/  81) : E0 F4 E0 00 81 0E 7F 00 83 05 C0 E4 E0 F4 E0 00 
                        (  80/  81) : 81 
00:01.785 000018B0 00 R (   0/   6) : 0E 1E 00 12 80 00 

00:01.786 000018B0 00 W (   0/  81) : 0E 00 1F 00 12 23 00 C0 80 00 00 00 40 00 00 00 
                        (  16/  81) : 00 01 60 00 83 1F BF 09 91 19 91 E9 91 F9 91 18 
                        (  32/  81) : 95 98 95 E0 E0 FC E3 00 81 11 81 0B 5F 1F 4F 00 
                        (  48/  81) : 83 11 83 F6 CF 36 C0 01 E2 0D BF 0C E3 0E BF C2 
                        (  64/  81) : EA DC E3 07 D0 00 23 09 F0 12 D0 EA DF 01 D0 F2 
                        (  80/  81) : CF 
00:01.810 000018B0 00 R (   0/   6) : 0E 1F 00 12 80 00 

00:01.811 000018B0 00 W (   0/  81) : 0E 00 20 00 12 23 00 C0 C0 00 00 00 40 00 00 00 
                        (  16/  81) : 00 F1 CF 01 E0 08 95 20 E0 2D 93 01 50 10 40 E1 
                        (  32/  81) : F7 08 95 25 91 2D 93 01 50 10 40 D9 F7 08 95 84 
                        (  48/  81) : E1 91 E0 FC 01 05 91 14 91 FC 01 32 96 A5 91 B4 
                        (  64/  81) : 91 FC 01 34 96 25 91 34 91 42 2F 43 2B 19 F0 F9 
                        (  80/  81) : 01 
00:01.835 000018B0 00 R (   0/   6) : 0E 20 00 12 80 00 

00:01.836 000018B0 00 W (   0/  81) : 0E 00 21 00 12 23 00 C0 00 01 00 00 40 00 00 00 
                        (  16/  81) : 00 E8 DF 01 C0 E0 DF 06 96 11 E0 8A 31 91 07 48 
                        (  32/  81) : F3 08 95 FF CF 02 00 00 3C 00 00 FF FF FF FF FF 
                        (  48/  81) : FF FF FF FF FF FF FF FF FF FF FF FF FF FF FF FF 
                        (  64/  81) : FF FF FF FF FF FF FF FF FF FF FF FF FF FF FF FF 
                        (  80/  81) : FF 
00:01.860 000018B0 00 R (   0/   6) : 0E 21 00 12 80 00 

00:01.861 000018B0 00 W (   0/   7) : 0E 00 22 00 12 16 00 
00:01.864 000018B0 00 R (   0/   6) : 0E 22 00 12 80 00 

00:01.902 000010B8 01 R (   0/  14) : 0E 00 D3 00 12 40 00 00 00 00 01 84 00 30 

00:02.049 000018B0 00 W (   0/   8) : 0E 00 23 00 12 30 00 01 
00:02.053 000018B0 00 R (   0/   6) : 0E 23 00 12 80 00 

00:02.103 000010B8 01 R (   0/  14) : 0E 00 D4 00 12 40 00 00 00 00 01 84 00 30 

00:02.134 000018B0 00 W (   0/   7) : 0E 00 24 00 12 35 00 
00:02.135 000018B0 00 R (   0/  10) : 0E 24 00 12 83 00 00 00 00 00 

00:02.628 000018B0 00 W (   0/   8) : 0E 00 25 00 12 30 00 01 
00:02.632 000018B0 00 R (   0/   6) : 0E 25 00 12 80 00 

00:02.671 000010B8 01 R (   0/  14) : 0E 00 D5 00 12 40 00 00 00 00 01 84 00 30 

00:02.759 00002408 00 W (   0/  14) : 0E 00 26 00 12 40 00 01 01 90 00 00 00 03 
00:02.760 00002408 00 R (   0/   6) : 0E 26 00 12 80 00 

00:02.760 00002408 00 W (   0/  11) : 0E 00 27 00 12 43 00 92 00 00 00 
00:02.761 00002408 00 R (   0/   7) : 0E 27 00 12 A0 00 81 

00:05.938 000018B0 00 W (   0/   8) : 0E 00 28 00 12 41 00 01 
00:05.939 000018B0 00 R (   0/   6) : 0E 28 00 12 80 00 

00:05.940 000018B0 00 W (   0/   7) : 0E 00 29 00 12 45 00 
00:05.941 000018B0 00 R (   0/   6) : 0E 29 00 12 80 00 

00:06.054 000018B0 00 W (   0/   7) : 0E 00 2A 00 12 32 00 
00:06.061 000018B0 00 R (   0/   6) : 0E 2A 00 12 80 00 

00:06.062 000018B0 00 W (   0/   7) : 0E 00 2B 00 12 14 00 
00:06.063 000018B0 00 R (   0/   6) : 0E 2B 00 12 80 00 

00:06.064 000018B0 00 W (   0/   7) : 0E 00 2C 00 12 11 00 
00:06.065 000018B0 00 R (   0/   6) : 0E 2C 00 12 80 00 

00:06.066 000018B0 00 W (   0/   7) : 0E 00 2D 00 01 11 00 
00:06.067 000018B0 00 R (   0/   6) : 0E 2D 00 01 80 00 

